<?xml version="1.0" encoding="UTF-8"?>
<!-- Generated by org.testng.reporters.JUnitXMLReporter -->
<testsuite hostname="DESKTOP-FKCG3GR" ignored="0" name="Default test" tests="3" failures="0" timestamp="2020-01-25T21:29:08 EST" time="35.884" errors="0">
  <testcase name="xlLogin" time="5.125" classname="com.hrms.testcases.LoginPageTest"/>
  <testcase name="xlLogin" time="5.203" classname="com.hrms.testcases.LoginPageTest"/>
  <testcase name="xlLogin" time="3.648" classname="com.hrms.testcases.LoginPageTest"/>
</testsuite> <!-- Default test -->
