<?xml version="1.0" encoding="UTF-8"?>
<!-- Generated by org.testng.reporters.JUnitXMLReporter -->
<testsuite hostname="DESKTOP-FKCG3GR" ignored="9" name="Regression Test" tests="3" failures="0" timestamp="2020-02-02T21:08:45 EST" time="32.592" errors="0">
  <testcase name="leaveLabelvalidation" time="4.898" classname="com.hrms.testcases.LeaveListPageTest"/>
  <testcase name="leaveLabelvalidation1" time="4.337" classname="com.hrms.testcases.LeaveListPageTest"/>
  <testcase name="negativeLogin" time="0.257" classname="com.hrms.testcases.LoginPageTest"/>
  <testcase name="login" time="0.0" classname="com.hrms.testcases.LoginPageTest">
    <ignored/>
  </testcase> <!-- login -->
  <testcase name="negativeLogin" time="0.0" classname="com.hrms.testcases.LoginPageTest1">
    <ignored/>
  </testcase> <!-- negativeLogin -->
  <testcase name="xlLogin" time="0.0" classname="com.hrms.testcases.LoginPageTest">
    <ignored/>
  </testcase> <!-- xlLogin -->
  <testcase name="@AfterTest writeReport" time="0.0" classname="com.hrms.testbase.BaseClass">
    <ignored/>
  </testcase> <!-- @AfterTest writeReport -->
  <testcase name="@AfterTest writeReport" time="0.0" classname="com.hrms.testbase.BaseClass">
    <ignored/>
  </testcase> <!-- @AfterTest writeReport -->
  <testcase name="@BeforeTest generateReports" time="0.0" classname="com.hrms.testbase.BaseClass">
    <ignored/>
  </testcase> <!-- @BeforeTest generateReports -->
  <testcase name="@BeforeTest generateReports" time="0.0" classname="com.hrms.testbase.BaseClass">
    <ignored/>
  </testcase> <!-- @BeforeTest generateReports -->
  <testcase name="login" time="0.0" classname="com.hrms.testcases.LoginPageTest1">
    <ignored/>
  </testcase> <!-- login -->
  <testcase name="usingLoginFuncation" time="0.0" classname="com.hrms.testcases.LoginPageTest">
    <ignored/>
  </testcase> <!-- usingLoginFuncation -->
</testsuite> <!-- Regression Test -->
