<?xml version="1.0" encoding="UTF-8"?>
<!-- Generated by org.testng.reporters.JUnitReportReporter -->
<testsuite skipped="0" hostname="DESKTOP-FKCG3GR" name="com.hrms.testcases.LeaveListPageTest" tests="2" failures="0" timestamp="2020-02-02T21:08:46 EST" time="24.008" errors="0">
  <testcase name="leaveLabelvalidation" time="12.490" classname="com.hrms.testcases.LeaveListPageTest"/>
  <testcase name="leaveLabelvalidation1" time="11.518" classname="com.hrms.testcases.LeaveListPageTest"/>
</testsuite> <!-- com.hrms.testcases.LeaveListPageTest -->
